[debug] [2025-09-07T11:36:01.528Z] ----------------------------------------------------------------------
[debug] [2025-09-07T11:36:01.530Z] Command:       /opt/homebrew/Cellar/node/24.7.0/bin/node /opt/homebrew/bin/firebase deploy
[debug] [2025-09-07T11:36:01.530Z] CLI Version:   14.15.2
[debug] [2025-09-07T11:36:01.530Z] Platform:      darwin
[debug] [2025-09-07T11:36:01.530Z] Node Version:  v24.7.0
[debug] [2025-09-07T11:36:01.530Z] Time:          Sun Sep 07 2025 20:36:01 GMT+0900 (Korean Standard Time)
[debug] [2025-09-07T11:36:01.530Z] ----------------------------------------------------------------------
[debug] 
[debug] [2025-09-07T11:36:01.595Z] > command requires scopes: ["email","openid","https://www.googleapis.com/auth/cloudplatformprojects.readonly","https://www.googleapis.com/auth/firebase","https://www.googleapis.com/auth/cloud-platform"]
[debug] [2025-09-07T11:36:01.595Z] > authorizing via signed-in user (0010capacity@gmail.com)
[debug] [2025-09-07T11:36:01.595Z] [iam] checking project my-optimal-route-planner for permissions ["cloudfunctions.functions.create","cloudfunctions.functions.delete","cloudfunctions.functions.get","cloudfunctions.functions.list","cloudfunctions.functions.update","cloudfunctions.operations.get","firebase.projects.get","firebasehosting.sites.update"]
[debug] [2025-09-07T11:36:01.595Z] Checked if tokens are valid: true, expires at: 1757247439228
[debug] [2025-09-07T11:36:01.595Z] Checked if tokens are valid: true, expires at: 1757247439228
[debug] [2025-09-07T11:36:01.596Z] >>> [apiv2][query] POST https://cloudresourcemanager.googleapis.com/v1/projects/my-optimal-route-planner:testIamPermissions [none]
[debug] [2025-09-07T11:36:01.596Z] >>> [apiv2][(partial)header] POST https://cloudresourcemanager.googleapis.com/v1/projects/my-optimal-route-planner:testIamPermissions x-goog-quota-user=projects/my-optimal-route-planner
[debug] [2025-09-07T11:36:01.596Z] >>> [apiv2][body] POST https://cloudresourcemanager.googleapis.com/v1/projects/my-optimal-route-planner:testIamPermissions {"permissions":["cloudfunctions.functions.create","cloudfunctions.functions.delete","cloudfunctions.functions.get","cloudfunctions.functions.list","cloudfunctions.functions.update","cloudfunctions.operations.get","firebase.projects.get","firebasehosting.sites.update"]}
[debug] [2025-09-07T11:36:01.849Z] <<< [apiv2][status] POST https://cloudresourcemanager.googleapis.com/v1/projects/my-optimal-route-planner:testIamPermissions 200
[debug] [2025-09-07T11:36:01.849Z] <<< [apiv2][body] POST https://cloudresourcemanager.googleapis.com/v1/projects/my-optimal-route-planner:testIamPermissions {"permissions":["cloudfunctions.functions.create","cloudfunctions.functions.delete","cloudfunctions.functions.get","cloudfunctions.functions.list","cloudfunctions.functions.update","cloudfunctions.operations.get","firebase.projects.get","firebasehosting.sites.update"]}
[debug] [2025-09-07T11:36:01.850Z] Checked if tokens are valid: true, expires at: 1757247439228
[debug] [2025-09-07T11:36:01.850Z] Checked if tokens are valid: true, expires at: 1757247439228
[debug] [2025-09-07T11:36:01.850Z] >>> [apiv2][query] POST https://iam.googleapis.com/v1/projects/my-optimal-route-planner/serviceAccounts/my-optimal-route-planner@appspot.gserviceaccount.com:testIamPermissions [none]
[debug] [2025-09-07T11:36:01.850Z] >>> [apiv2][body] POST https://iam.googleapis.com/v1/projects/my-optimal-route-planner/serviceAccounts/my-optimal-route-planner@appspot.gserviceaccount.com:testIamPermissions {"permissions":["iam.serviceAccounts.actAs"]}
